[18:32:15] [main/ERROR]: No key layers in MapLike[{}]; No key structures in MapLike[{}]
[18:32:15] [main/INFO]: Environment: authHost='https://authserver.mojang.com', accountsHost='https://api.mojang.com', sessionHost='https://sessionserver.mojang.com', servicesHost='https://api.minecraftservices.com', name='PROD'
[18:32:16] [main/INFO]: Reloading ResourceManager: Default, bukkit
[18:32:16] [Worker-Main-3/INFO]: Loaded 7 recipes
[18:32:18] [Server thread/INFO]: Starting minecraft server version 1.16.5
[18:32:18] [Server thread/INFO]: Loading properties
[18:32:18] [Server thread/INFO]: This server is running Airplane version git-Airplane-"9f0a29b" (MC: 1.16.5) (Implementing API version 1.16.5-R0.1-SNAPSHOT)
[18:32:18] [Server thread/INFO]: Debug logging is disabled
[18:32:18] [Server thread/INFO]: Server Ping Player Sample Count: 12
[18:32:18] [Server thread/INFO]: Using 4 threads for Netty based IO
[18:32:18] [Server thread/INFO]: Default game type: SURVIVAL
[18:32:18] [Server thread/INFO]: Generating keypair
[18:32:18] [Server thread/INFO]: Starting Minecraft server on *:25565
[18:32:18] [Server thread/INFO]: Using default channel type
[18:32:18] [Server thread/INFO]: Tuinity: Using Java 11 compression from Velocity.
[18:32:18] [Server thread/INFO]: Tuinity: Using Java cipher from Velocity.
[18:32:19] [Server thread/WARN]: Initializing Legacy Material Support. Unless you have legacy plugins and/or data this is a bug!
[18:32:22] [Server thread/WARN]: Legacy plugin PixelMOTD v8.8.6-Alpha3 does not specify an api-version.
[18:32:22] [Server thread/INFO]: [ProtocolLib] Loading ProtocolLib v4.6.1-SNAPSHOT-b505
[18:32:24] [Server thread/INFO]: [PixelMOTD] Loading PixelMOTD v8.8.6-Alpha3
[18:32:24] [Server thread/INFO]: [Pixel MOTD] Folder: Main Folder verified!
[18:32:24] [Server thread/INFO]: [Pixel MOTD] Folder: Server Icon verified!
[18:32:24] [Server thread/INFO]: [Pixel MOTD] Folder: Normal verified!
[18:32:24] [Server thread/INFO]: [Pixel MOTD] Folder: Whitelist File verified!
[18:32:24] [Server thread/INFO]: [Pixel MOTD] File: normal-motd.yml loaded!
[18:32:24] [Server thread/INFO]: [Pixel MOTD] File: command.yml loaded!
[18:32:24] [Server thread/INFO]: [Pixel MOTD] File: whitelist-motd.yml loaded!
[18:32:24] [Server thread/INFO]: [Pixel MOTD] File: timer-motd.yml loaded!
[18:32:24] [Server thread/INFO]: [Pixel MOTD] File: edit.yml loaded!
[18:32:24] [Server thread/INFO]: [Pixel MOTD] File: settings.yml loaded!
[18:32:24] [Server thread/INFO]: [Pixel MOTD] File: modules.yml loaded!
[18:32:24] [Server thread/INFO]: [Pixel MOTD] Folder: Main Folder verified!
[18:32:24] [Server thread/INFO]: [Pixel MOTD] Folder: Server Icon verified!
[18:32:24] [Server thread/INFO]: [Pixel MOTD] Folder: Normal verified!
[18:32:24] [Server thread/INFO]: [Pixel MOTD] Folder: Whitelist File verified!
[18:32:24] [Server thread/INFO]: [Pixel MOTD] File: normal-motd.yml loaded!
[18:32:24] [Server thread/INFO]: [Pixel MOTD] File: command.yml loaded!
[18:32:24] [Server thread/INFO]: [Pixel MOTD] File: whitelist-motd.yml loaded!
[18:32:24] [Server thread/INFO]: [Pixel MOTD] File: timer-motd.yml loaded!
[18:32:24] [Server thread/INFO]: [Pixel MOTD] File: edit.yml loaded!
[18:32:24] [Server thread/INFO]: [Pixel MOTD] File: settings.yml loaded!
[18:32:24] [Server thread/INFO]: [Pixel MOTD] File: modules.yml loaded!
[18:32:24] [Server thread/INFO]: [Pixel MOTD] A new update is available: https://www.spigotmc.org/resources/37177/
[18:32:24] [Server thread/INFO]: [Pixel MOTD] All files loaded in 553ms.
[18:32:24] [Server thread/INFO]: Server permissions file permissions.yml is empty, ignoring it
[18:32:24] [Server thread/INFO]: [ProtocolLib] Enabling ProtocolLib v4.6.1-SNAPSHOT-b505
[18:32:24] [Server thread/INFO]: [ProtocolLib] Started structure compiler thread.
[18:32:24] [Server thread/WARN]: **** SERVER IS RUNNING IN OFFLINE/INSECURE MODE!
[18:32:24] [Server thread/WARN]: The server will make no attempt to authenticate usernames. Beware.
[18:32:24] [Server thread/WARN]: While this makes the game possible to play without internet access, it also opens up the ability for hackers to connect with any username they choose.
[18:32:24] [Server thread/WARN]: To change this, set "online-mode" to "true" in the server.properties file.
[18:32:24] [Server thread/INFO]: Preparing level "world"
[18:32:24] [Server thread/INFO]: Preparing start region for dimension minecraft:overworld
[18:32:25] [Server thread/INFO]: Time elapsed: 226 ms
[18:32:25] [Server thread/INFO]: [PixelMOTD] Enabling PixelMOTD v8.8.6-Alpha3*
[18:32:25] [Server thread/INFO]: [Pixel MOTD] Metrics: true
[18:32:25] [Server thread/INFO]: [Pixel MOTD] All events loaded in 45ms.
[18:32:25] [Server thread/INFO]: Running delayed init tasks
[18:32:25] [Server thread/INFO]: Done (7.111s)! For help, type "help"
[18:32:25] [Server thread/INFO]: Timings Reset
